Arguments: 
  /usr/bin/node /home/ni/.yarn/bin/yarn.js install

PATH: 
  /home/ni/.yarn/bin:/home/ni/.config/yarn/global/node_modules/.bin:/home/ni/.yarn/bin:/home/ni/.config/yarn/global/node_modules/.bin:/usr/local/sbin:/usr/local/bin:/usr/sbin:/usr/bin:/sbin:/bin:/usr/games:/usr/local/games:/snap/bin

Yarn version: 
  1.22.5

Node version: 
  14.15.3

Platform: 
  linux x64

Trace: 
  Error: https://skimdb.npmjs.com/registry/@jbook-nr%2flocal-api: not_found
      at Request.params.callback [as _callback] (/home/ni/.yarn/lib/cli.js:66988:18)
      at Request.self.callback (/home/ni/.yarn/lib/cli.js:140749:22)
      at Request.emit (events.js:315:20)
      at Request.<anonymous> (/home/ni/.yarn/lib/cli.js:141721:10)
      at Request.emit (events.js:315:20)
      at IncomingMessage.<anonymous> (/home/ni/.yarn/lib/cli.js:141643:12)
      at Object.onceWrapper (events.js:421:28)
      at IncomingMessage.emit (events.js:327:22)
      at endReadableNT (internal/streams/readable.js:1327:12)
      at processTicksAndRejections (internal/process/task_queues.js:80:21)

npm manifest: 
  {
    "name": "jbook-nr",
    "version": "1.0.0",
    "description": "",
    "bin": "dist/index.js",
    "publishConfig": {
      "access": "public"
    },
    "files": [
      "dist"
    ],
    "scripts": {
      "start": "tsc --watch --preserveWatchOutput",
      "prepublishOnly": "tsc"
    },
    "keywords": [],
    "author": "",
    "license": "ISC",
    "dependencies": {
      "@jbook-nr/local-api": "^1.0.0",
      "commander": "^7.1.0"
    },
    "devDependencies": {
      "@types/node": "^14.14.35",
      "esbuild": "0.8.26"
    }
  }

yarn manifest: 
  No manifest

Lockfile: 
  # THIS IS AN AUTOGENERATED FILE. DO NOT EDIT THIS FILE DIRECTLY.
  # yarn lockfile v1
  
  
  commander@^7.1.0:
    version "7.1.0"
    resolved "https://registry.yarnpkg.com/commander/-/commander-7.1.0.tgz#f2eaecf131f10e36e07d894698226e36ae0eb5ff"
    integrity sha512-pRxBna3MJe6HKnBGsDyMv8ETbptw3axEdYHoqNh7gu5oDcew8fs0xnivZGm06Ogk8zGAJ9VX+OPEr2GXEQK4dg==
  
  esbuild@0.8.26:
    version "0.8.26"
    resolved "https://registry.yarnpkg.com/esbuild/-/esbuild-0.8.26.tgz#a85491617ebd2bd35ca4bf479239487eb6819d71"
    integrity sha512-u3MMHOOumdWoAKF+073GHPpzvVB2cM+y9VD4ZwYs1FAQ6atRPISya35dbrbOu/mM68mQ42P+nwPzQVBTfQhkvQ==
